Determining if the pthread_create exist failed with the following output:
Change Dir: /home/kuros/share/gcs-kuros/build/CMakeFiles/CMakeTmp

Run Build Command:"/usr/bin/make" "cmTC_358f1/fast"
/usr/bin/make -f CMakeFiles/cmTC_358f1.dir/build.make CMakeFiles/cmTC_358f1.dir/build
make[1]: Entering directory '/home/kuros/share/gcs-kuros/build/CMakeFiles/CMakeTmp'
Building C object CMakeFiles/cmTC_358f1.dir/CheckSymbolExists.c.o
/usr/bin/cc    -o CMakeFiles/cmTC_358f1.dir/CheckSymbolExists.c.o   -c /home/kuros/share/gcs-kuros/build/CMakeFiles/CMakeTmp/CheckSymbolExists.c
Linking C executable cmTC_358f1
/usr/bin/cmake -E cmake_link_script CMakeFiles/cmTC_358f1.dir/link.txt --verbose=1
/usr/bin/cc      CMakeFiles/cmTC_358f1.dir/CheckSymbolExists.c.o  -o cmTC_358f1 
CMakeFiles/cmTC_358f1.dir/CheckSymbolExists.c.o: In function `main':
CheckSymbolExists.c:(.text+0x1b): undefined reference to `pthread_create'
collect2: error: ld returned 1 exit status
CMakeFiles/cmTC_358f1.dir/build.make:97: recipe for target 'cmTC_358f1' failed
make[1]: *** [cmTC_358f1] Error 1
make[1]: Leaving directory '/home/kuros/share/gcs-kuros/build/CMakeFiles/CMakeTmp'
Makefile:126: recipe for target 'cmTC_358f1/fast' failed
make: *** [cmTC_358f1/fast] Error 2

File /home/kuros/share/gcs-kuros/build/CMakeFiles/CMakeTmp/CheckSymbolExists.c:
/* */
#include <pthread.h>

int main(int argc, char** argv)
{
  (void)argv;
#ifndef pthread_create
  return ((int*)(&pthread_create))[argc];
#else
  (void)argc;
  return 0;
#endif
}

Determining if the function pthread_create exists in the pthreads failed with the following output:
Change Dir: /home/kuros/share/gcs-kuros/build/CMakeFiles/CMakeTmp

Run Build Command:"/usr/bin/make" "cmTC_9cccb/fast"
/usr/bin/make -f CMakeFiles/cmTC_9cccb.dir/build.make CMakeFiles/cmTC_9cccb.dir/build
make[1]: Entering directory '/home/kuros/share/gcs-kuros/build/CMakeFiles/CMakeTmp'
Building C object CMakeFiles/cmTC_9cccb.dir/CheckFunctionExists.c.o
/usr/bin/cc   -DCHECK_FUNCTION_EXISTS=pthread_create   -o CMakeFiles/cmTC_9cccb.dir/CheckFunctionExists.c.o   -c /usr/share/cmake-3.10/Modules/CheckFunctionExists.c
Linking C executable cmTC_9cccb
/usr/bin/cmake -E cmake_link_script CMakeFiles/cmTC_9cccb.dir/link.txt --verbose=1
/usr/bin/cc  -DCHECK_FUNCTION_EXISTS=pthread_create    CMakeFiles/cmTC_9cccb.dir/CheckFunctionExists.c.o  -o cmTC_9cccb -lpthreads 
/usr/bin/ld: cannot find -lpthreads
collect2: error: ld returned 1 exit status
CMakeFiles/cmTC_9cccb.dir/build.make:97: recipe for target 'cmTC_9cccb' failed
make[1]: *** [cmTC_9cccb] Error 1
make[1]: Leaving directory '/home/kuros/share/gcs-kuros/build/CMakeFiles/CMakeTmp'
Makefile:126: recipe for target 'cmTC_9cccb/fast' failed
make: *** [cmTC_9cccb/fast] Error 2


